<?xml version="1.0" encoding="UTF-8"?>
<!-- Generated by org.testng.reporters.JUnitReportReporter -->
<testsuite skipped="0" hostname="LAPTOP-ORI8JR52" name="com.w2a.API_Automation_BDD.testRunner.FeatureRunner" tests="2" failures="0" timestamp="20 Apr 2020 09:56:17 GMT" time="4.412" errors="0">
  <testcase name="feature" time="1.305" classname="com.w2a.API_Automation_BDD.testRunner.FeatureRunner"/>
  <testcase name="feature" time="3.107" classname="com.w2a.API_Automation_BDD.testRunner.FeatureRunner"/>
</testsuite> <!-- com.w2a.API_Automation_BDD.testRunner.FeatureRunner -->
